/home/admin/Python-2.7.2/lib/python2.7/site-packages/numpy/lib/utils.py:254: FutureWarning: Numpy has detected that you (may be) writing to an array returned
by numpy.diagonal or by selecting multiple fields in a record
array. This code will likely break in the next numpy release --
see numpy.diagonal or arrays.indexing reference docs for details.
The quick fix is to make an explicit copy (e.g., do
arr.diagonal().copy() or arr[['f0','f1']].copy()).
  ai = a.__array_interface__
start balance_data:
('all_dataset:', 'train_1500w')
('train_set:', 'train_set')
('the reward number is:', 95501)
('the no reward number is', 110000)
('total power_tags is:', 205501)
('level 1 power_tags is:', 20000)
[20000, 20000, 40000, 60000, 31890, 16085, 17526]
0.0973231273814
/home/admin/Python-2.7.2/lib/python2.7/site-packages/numpy/lib/utils.py:254: FutureWarning: Numpy has detected that you (may be) writing to an array returned
by numpy.diagonal or by selecting multiple fields in a record
array. This code will likely break in the next numpy release --
see numpy.diagonal or arrays.indexing reference docs for details.
The quick fix is to make an explicit copy (e.g., do
arr.diagonal().copy() or arr[['f0','f1']].copy()).
  ai = a.__array_interface__
start balance_data:
('all_dataset:', 'train_1500w')
('train_set:', 'test_set')
('the reward number is:', 1650)
('the no reward number is', 1650)
('total power_tags is:', 3300)
('level 1 power_tags is:', 300)
[300, 300, 600, 900, 600, 300, 300]
0.0909090909091
/home/admin/Python-2.7.2/lib/python2.7/site-packages/numpy/lib/utils.py:254: FutureWarning: Numpy has detected that you (may be) writing to an array returned
by numpy.diagonal or by selecting multiple fields in a record
array. This code will likely break in the next numpy release --
see numpy.diagonal or arrays.indexing reference docs for details.
The quick fix is to make an explicit copy (e.g., do
arr.diagonal().copy() or arr[['f0','f1']].copy()).
  ai = a.__array_interface__
start training:
model options {'optimizer': <function adadelta at 0x2f95b18>, 'validFreq': 1000, 'batch_size': 200, 'encoder': 'lstm', 'test_dataset': 'test_set', 'reload_model': None, 'lrate': 0.0001, 'max_epochs': 100, 'train_dataset': 'train_set', 'decay_c': 0.0002, 'dim_hiden': 10, 'use_dropout': False, 'dim_proj': 18, 'maxlen': 100, 'saveto': 'lstm_model_npz', 'dim_finalx': 15, 'model_path': 'lstm_model', 'valid_batch_size': 64, 'saveFreq': 1000}
Loading train data: train_set
('load data :', 'train_set')
('the reward number is:', 95501)
('the no reward number is', 110000)
('total power_tags is:', 205501)
('level 1 power_tags is:', 20000)
0.0973231273814
('the data size is', 205501)
('maxlen:', 100)
('the data size is', 205486)
Loading test data: test_set
('load data :', 'test_set')
('the reward number is:', 1650)
('the no reward number is', 1650)
('total power_tags is:', 3300)
('level 1 power_tags is:', 300)
0.0909090909091
('the data size is', 3300)
('maxlen:', 100)
('the data size is', 3300)
Building model
Optimization
205486 train examples
3300 test examples
test error rate (0.51484848484848489, 0.33090909090909093, 0.037575757575757596, 0.38121212121212122, 0.17909090909090908, 1.2862025579021104)
eidx:1 of epoch:100 the train error is (0.561765, 0.379964, 0.030435 0.356550, 0.172620) , cost is 3.477128
The code run for 1 epochs,took 180.0s,  with 180.033764 sec/epochs, remain 4.950929 hour
test error rate (0.48818181818181816, 0.32151515151515153, 0.037575757575757596, 0.32272727272727275, 0.17909090909090908, 1.2289625771167849)
eidx:2 of epoch:100 the train error is (0.490585, 0.312876, 0.029744 0.321068, 0.171958) , cost is 3.775687
The code run for 2 epochs,took 356.3s,  with 178.152556 sec/epochs, remain 4.849708 hour
test error rate (0.4812121212121212, 0.3196969696969697, 0.036969696969696986, 0.3136363636363636, 0.17909090909090908, 1.2114355514344224)
eidx:3 of epoch:100 the train error is (0.481150, 0.310018, 0.029394 0.292122, 0.172085) , cost is 3.432876
The code run for 3 epochs,took 532.3s,  with 177.426223 sec/epochs, remain 4.780651 hour
test error rate (0.4812121212121212, 0.31848484848484848, 0.036666666666666625, 0.30545454545454542, 0.17909090909090908, 1.2042635933576216)
eidx:4 of epoch:100 the train error is (0.478523, 0.308768, 0.029136 0.286720, 0.172124) , cost is 3.178917
The code run for 4 epochs,took 708.0s,  with 177.000060 sec/epochs, remain 4.720002 hour
test error rate (0.47999999999999998, 0.31606060606060604, 0.036969696969696986, 0.3009090909090909, 0.17909090909090908, 1.199246711553664)
eidx:5 of epoch:100 the train error is (0.477302, 0.307979, 0.029111 0.282394, 0.172094) , cost is 3.723428
The code run for 5 epochs,took 883.5s,  with 176.702235 sec/epochs, remain 4.662976 hour
test error rate (0.4778787878787879, 0.31727272727272726, 0.036969696969696986, 0.30212121212121212, 0.17939393939393944, 1.2029574561955729)
eidx:6 of epoch:100 the train error is (0.476356, 0.307425, 0.029175 0.280822, 0.172094) , cost is 3.276026
The code run for 6 epochs,took 1059.0s,  with 176.497485 sec/epochs, remain 4.608545 hour
test error rate (0.47575757575757571, 0.31454545454545457, 0.036969696969696986, 0.30121212121212126, 0.17878787878787883, 1.1994501468979502)
eidx:7 of epoch:100 the train error is (0.475930, 0.306798, 0.029219 0.280243, 0.172094) , cost is 3.437118
The code run for 7 epochs,took 1234.5s,  with 176.364159 sec/epochs, remain 4.556074 hour
test error rate (0.47848484848484851, 0.31575757575757579, 0.036969696969696986, 0.29636363636363638, 0.17909090909090908, 1.1979367264998249)
eidx:8 of epoch:100 the train error is (0.475660, 0.306788, 0.029233 0.279824, 0.172085) , cost is 3.400232
The code run for 8 epochs,took 1410.2s,  with 176.274918 sec/epochs, remain 4.504803 hour
test error rate (0.47666666666666668, 0.31242424242424238, 0.036969696969696986, 0.29818181818181821, 0.17909090909090908, 1.1978287386644855)
eidx:9 of epoch:100 the train error is (0.475234, 0.306636, 0.029257 0.279338, 0.172065) , cost is 3.485490
The code run for 9 epochs,took 1586.2s,  with 176.247908 sec/epochs, remain 4.455155 hour
test error rate (0.47757575757575754, 0.31515151515151518, 0.036969696969696986, 0.30060606060606065, 0.17969696969696969, 1.1994286544815813)
eidx:10 of epoch:100 the train error is (0.475219, 0.306543, 0.029238 0.278360, 0.172119) , cost is 3.412664
The code run for 10 epochs,took 1762.8s,  with 176.280830 sec/epochs, remain 4.407021 hour
test error rate (0.47878787878787876, 0.3136363636363636, 0.036363636363636376, 0.29818181818181821, 0.18000000000000005, 1.198474078195999)
eidx:11 of epoch:100 the train error is (0.475082, 0.306332, 0.029267 0.279129, 0.172129) , cost is 3.209529
The code run for 11 epochs,took 1938.7s,  with 176.244489 sec/epochs, remain 4.357155 hour
test error rate (0.47939393939393937, 0.31272727272727274, 0.037575757575757596, 0.29636363636363638, 0.17969696969696969, 1.1961829596539233)
eidx:12 of epoch:100 the train error is (0.474984, 0.306411, 0.029238 0.278296, 0.172148) , cost is 3.299402
The code run for 12 epochs,took 2114.6s,  with 176.219540 sec/epochs, remain 4.307589 hour
test error rate (0.47606060606060607, 0.31303030303030299, 0.037272727272727235, 0.30242424242424237, 0.1803030303030303, 1.2041294722910503)
eidx:13 of epoch:100 the train error is (0.474837, 0.306528, 0.029233 0.278145, 0.172167) , cost is 3.405101
The code run for 13 epochs,took 2290.4s,  with 176.181374 sec/epochs, remain 4.257717 hour
test error rate (0.47484848484848485, 0.30939393939393944, 0.037272727272727235, 0.29727272727272724, 0.1803030303030303, 1.2032191385145374)
eidx:14 of epoch:100 the train error is (0.474528, 0.306171, 0.029277 0.278496, 0.172211) , cost is 3.900560
The code run for 14 epochs,took 2466.7s,  with 176.192654 sec/epochs, remain 4.209047 hour
test error rate (0.47545454545454546, 0.31090909090909091, 0.037272727272727235, 0.29727272727272724, 0.18000000000000005, 1.1997802992798801)
eidx:15 of epoch:100 the train error is (0.475185, 0.306318, 0.029233 0.278535, 0.172172) , cost is 3.486012
The code run for 15 epochs,took 2642.5s,  with 176.168042 sec/epochs, remain 4.159523 hour
test error rate (0.47484848484848485, 0.31303030303030299, 0.037272727272727235, 0.29606060606060602, 0.18000000000000005, 1.2002578333206004)
eidx:16 of epoch:100 the train error is (0.474827, 0.305578, 0.029253 0.278330, 0.172206) , cost is 3.515935
The code run for 16 epochs,took 2818.6s,  with 176.161322 sec/epochs, remain 4.110431 hour
test error rate (0.47666666666666668, 0.31212121212121213, 0.037575757575757596, 0.29575757575757577, 0.1803030303030303, 1.1996988821396881)
eidx:17 of epoch:100 the train error is (0.474563, 0.306460, 0.029282 0.278116, 0.172240) , cost is 3.214513
The code run for 17 epochs,took 2995.1s,  with 176.182484 sec/epochs, remain 4.061985 hour
test error rate (0.47939393939393937, 0.31242424242424238, 0.036969696969696986, 0.29575757575757577, 0.17969696969696969, 1.2014068284027442)
eidx:18 of epoch:100 the train error is (0.474764, 0.305734, 0.029296 0.278097, 0.172294) , cost is 3.654128
The code run for 18 epochs,took 3172.2s,  with 176.231649 sec/epochs, remain 4.014165 hour
test error rate (0.47727272727272729, 0.31212121212121213, 0.037575757575757596, 0.29545454545454541, 0.1803030303030303, 1.2006187091581915)
eidx:19 of epoch:100 the train error is (0.474778, 0.306156, 0.029335 0.278077, 0.172260) , cost is 3.182779
The code run for 19 epochs,took 3349.1s,  with 176.267202 sec/epochs, remain 3.966012 hour
test error rate (0.47909090909090912, 0.31333333333333335, 0.037272727272727235, 0.2975757575757576, 0.1803030303030303, 1.2023405987421785)
eidx:20 of epoch:100 the train error is (0.474082, 0.306146, 0.029365 0.277936, 0.172294) , cost is 3.788618
The code run for 20 epochs,took 3525.5s,  with 176.273498 sec/epochs, remain 3.917189 hour
test error rate (0.47969696969696973, 0.30909090909090908, 0.037272727272727235, 0.29424242424242419, 0.1803030303030303, 1.1986060518911783)
eidx:21 of epoch:100 the train error is (0.474200, 0.306043, 0.029267 0.278272, 0.172284) , cost is 3.652144
The code run for 21 epochs,took 3701.8s,  with 176.277643 sec/epochs, remain 3.868315 hour
test error rate (0.47878787878787876, 0.30969696969696969, 0.036969696969696986, 0.2975757575757576, 0.17969696969696969, 1.2039517467136283)
eidx:22 of epoch:100 the train error is (0.474665, 0.305783, 0.029408 0.277858, 0.172265) , cost is 3.039608
The code run for 22 epochs,took 3878.6s,  with 176.301681 sec/epochs, remain 3.819870 hour
test error rate (0.47424242424242424, 0.31242424242424238, 0.037272727272727235, 0.2948484848484848, 0.18000000000000005, 1.1998622489315678)
eidx:23 of epoch:100 the train error is (0.474474, 0.306166, 0.029413 0.277883, 0.172309) , cost is 3.053222
The code run for 23 epochs,took 4054.8s,  with 176.295764 sec/epochs, remain 3.770771 hour
test error rate (0.4778787878787879, 0.31181818181818177, 0.037272727272727235, 0.29696969696969699, 0.18000000000000005, 1.2048381279064762)
eidx:24 of epoch:100 the train error is (0.474494, 0.305793, 0.029389 0.277951, 0.172294) , cost is 3.592592
The code run for 24 epochs,took 4231.3s,  with 176.304746 sec/epochs, remain 3.721989 hour
test error rate (0.47727272727272729, 0.31303030303030299, 0.037272727272727235, 0.2948484848484848, 0.17969696969696969, 1.2025983517561878)
eidx:25 of epoch:100 the train error is (0.474891, 0.305803, 0.029403 0.277780, 0.172275) , cost is 3.232458
The code run for 25 epochs,took 4406.7s,  with 176.268606 sec/epochs, remain 3.672263 hour
test error rate (0.47757575757575754, 0.30939393939393944, 0.037272727272727235, 0.29575757575757577, 0.1803030303030303, 1.2005350070221612)
eidx:26 of epoch:100 the train error is (0.474401, 0.305965, 0.029365 0.277605, 0.172372) , cost is 3.532769
The code run for 26 epochs,took 4583.4s,  with 176.285284 sec/epochs, remain 3.623642 hour
test error rate (0.47333333333333338, 0.3136363636363636, 0.037272727272727235, 0.29696969696969699, 0.17969696969696969, 1.2049446868648195)
eidx:27 of epoch:100 the train error is (0.474538, 0.306131, 0.029447 0.277707, 0.172352) , cost is 3.332360
The code run for 27 epochs,took 4760.7s,  with 176.321933 sec/epochs, remain 3.575417 hour
test error rate (0.48272727272727278, 0.31151515151515152, 0.037272727272727235, 0.30000000000000004, 0.18000000000000005, 1.2124887706585756)
eidx:28 of epoch:100 the train error is (0.475077, 0.305725, 0.029330 0.278170, 0.172240) , cost is 3.132510
The code run for 28 epochs,took 4936.6s,  with 176.308779 sec/epochs, remain 3.526176 hour
test error rate (0.48030303030303034, 0.31090909090909091, 0.037878787878787845, 0.29575757575757577, 0.18000000000000005, 1.2035164932747284)
eidx:29 of epoch:100 the train error is (0.475009, 0.305847, 0.029423 0.278034, 0.172284) , cost is 3.393436
The code run for 29 epochs,took 5111.4s,  with 176.253895 sec/epochs, remain 3.476118 hour
test error rate (0.47727272727272729, 0.3136363636363636, 0.037878787878787845, 0.29666666666666663, 0.18000000000000005, 1.2078083152948247)
eidx:30 of epoch:100 the train error is (0.474582, 0.306215, 0.029472 0.277732, 0.172250) , cost is 3.090436
The code run for 30 epochs,took 5287.1s,  with 176.238110 sec/epochs, remain 3.426852 hour
test error rate (0.47939393939393937, 0.3103030303030303, 0.037575757575757596, 0.29848484848484846, 0.17969696969696969, 1.2055986677989627)
eidx:31 of epoch:100 the train error is (0.474440, 0.305587, 0.029379 0.278287, 0.172270) , cost is 3.536991
The code run for 31 epochs,took 5462.5s,  with 176.210197 sec/epochs, remain 3.377362 hour
test error rate (0.47636363636363632, 0.31212121212121213, 0.037878787878787845, 0.29787878787878785, 0.17969696969696969, 1.2066276525870001)
eidx:32 of epoch:100 the train error is (0.474705, 0.305960, 0.029442 0.278019, 0.172304) , cost is 3.487586
The code run for 32 epochs,took 5638.8s,  with 176.212644 sec/epochs, remain 3.328461 hour
test error rate (0.4778787878787879, 0.30878787878787883, 0.037272727272727235, 0.29818181818181821, 0.17969696969696969, 1.2038546100418115)
eidx:33 of epoch:100 the train error is (0.474499, 0.305779, 0.029428 0.277664, 0.172294) , cost is 3.437553
The code run for 33 epochs,took 5813.7s,  with 176.173944 sec/epochs, remain 3.278793 hour
test error rate (0.47909090909090912, 0.31272727272727274, 0.037575757575757596, 0.29666666666666663, 0.18000000000000005, 1.1999276835855259)
eidx:34 of epoch:100 the train error is (0.474715, 0.305695, 0.029476 0.277815, 0.172279) , cost is 3.372064
The code run for 34 epochs,took 5989.8s,  with 176.170486 sec/epochs, remain 3.229792 hour
test error rate (0.48242424242424242, 0.31060606060606055, 0.037575757575757596, 0.29363636363636358, 0.17969696969696969, 1.2033169347235055)
eidx:35 of epoch:100 the train error is (0.474813, 0.305661, 0.029476 0.277936, 0.172206) , cost is 3.295485
The code run for 35 epochs,took 6164.2s,  with 176.118724 sec/epochs, remain 3.179921 hour
test error rate (0.47848484848484851, 0.31212121212121213, 0.037878787878787845, 0.29696969696969699, 0.18000000000000005, 1.2035466497503313)
test error rate (0.47848484848484851, 0.31090909090909091, 0.037575757575757596, 0.29636363636363638, 0.17969696969696969, 1.2025583526537968)
eidx:36 of epoch:100 the train error is (0.474626, 0.305293, 0.029433 0.277922, 0.172236) , cost is 3.185351
The code run for 36 epochs,took 6342.5s,  with 176.179475 sec/epochs, remain 3.132080 hour
test error rate (0.47636363636363632, 0.30909090909090908, 0.037575757575757596, 0.29787878787878785, 0.17969696969696969, 1.2023798488363189)
eidx:37 of epoch:100 the train error is (0.474798, 0.305759, 0.029428 0.277732, 0.172226) , cost is 3.355412
The code run for 37 epochs,took 6518.2s,  with 176.167314 sec/epochs, remain 3.082928 hour
test error rate (0.47969696969696973, 0.30787878787878786, 0.037575757575757596, 0.29393939393939394, 0.17939393939393944, 1.2012395041266541)
eidx:38 of epoch:100 the train error is (0.474362, 0.305671, 0.029403 0.277785, 0.172221) , cost is 3.277021
The code run for 38 epochs,took 6694.5s,  with 176.170039 sec/epochs, remain 3.034040 hour
test error rate (0.47878787878787876, 0.30939393939393944, 0.037272727272727235, 0.29818181818181821, 0.18000000000000005, 1.2009381995655335)
eidx:39 of epoch:100 the train error is (0.474695, 0.305563, 0.029447 0.277824, 0.172245) , cost is 3.519531
The code run for 39 epochs,took 6869.0s,  with 176.127513 sec/epochs, remain 2.984383 hour
test error rate (0.47636363636363632, 0.31060606060606055, 0.037575757575757596, 0.29666666666666663, 0.18000000000000005, 1.2046761211747408)
eidx:40 of epoch:100 the train error is (0.474200, 0.305779, 0.029418 0.278014, 0.172284) , cost is 3.525016
The code run for 40 epochs,took 7044.9s,  with 176.123729 sec/epochs, remain 2.935395 hour
test error rate (0.47818181818181815, 0.3103030303030303, 0.037878787878787845, 0.2975757575757576, 0.17939393939393944, 1.2027777710240461)
eidx:41 of epoch:100 the train error is (0.474533, 0.305632, 0.029423 0.277707, 0.172211) , cost is 3.647654
The code run for 41 epochs,took 7220.7s,  with 176.113716 sec/epochs, remain 2.886308 hour
test error rate (0.47909090909090912, 0.31272727272727274, 0.037575757575757596, 0.30060606060606065, 0.17939393939393944, 1.2029188581396095)
eidx:42 of epoch:100 the train error is (0.474371, 0.305568, 0.029462 0.277912, 0.172245) , cost is 3.313699
The code run for 42 epochs,took 7396.1s,  with 176.097481 sec/epochs, remain 2.837126 hour
test error rate (0.47666666666666668, 0.31090909090909091, 0.037575757575757596, 0.29575757575757577, 0.17939393939393944, 1.1986305169429463)
eidx:43 of epoch:100 the train error is (0.474538, 0.305416, 0.029496 0.277795, 0.172197) , cost is 3.180191
The code run for 43 epochs,took 7571.1s,  with 176.071381 sec/epochs, remain 2.787797 hour
test error rate (0.47757575757575754, 0.30939393939393944, 0.037878787878787845, 0.29727272727272724, 0.17969696969696969, 1.2085933679289202)
eidx:44 of epoch:100 the train error is (0.474518, 0.305690, 0.029418 0.277669, 0.172226) , cost is 3.480554
The code run for 44 epochs,took 7747.1s,  with 176.070928 sec/epochs, remain 2.738881 hour
test error rate (0.47818181818181815, 0.31060606060606055, 0.037575757575757596, 0.2948484848484848, 0.18000000000000005, 1.2032521565956016)
eidx:45 of epoch:100 the train error is (0.474616, 0.305774, 0.029447 0.278131, 0.172182) , cost is 3.244558
The code run for 45 epochs,took 7923.7s,  with 176.081246 sec/epochs, remain 2.690130 hour
test error rate (0.47575757575757571, 0.31000000000000005, 0.037575757575757596, 0.30030303030303029, 0.18000000000000005, 1.2005261593413141)
eidx:46 of epoch:100 the train error is (0.474724, 0.305421, 0.029403 0.278272, 0.172182) , cost is 3.268895
The code run for 46 epochs,took 8099.7s,  with 176.079772 sec/epochs, remain 2.641197 hour
test error rate (0.4778787878787879, 0.30969696969696969, 0.037878787878787845, 0.29454545454545455, 0.17939393939393944, 1.198302356089314)
eidx:47 of epoch:100 the train error is (0.474577, 0.306117, 0.029467 0.277771, 0.172216) , cost is 3.550423
The code run for 47 epochs,took 8276.8s,  with 176.102719 sec/epochs, remain 2.592623 hour
test error rate (0.47606060606060607, 0.31151515151515152, 0.037878787878787845, 0.29575757575757577, 0.17939393939393944, 1.2028059535001747)
eidx:48 of epoch:100 the train error is (0.474881, 0.305480, 0.029438 0.277897, 0.172177) , cost is 3.429251
The code run for 48 epochs,took 8454.3s,  with 176.130598 sec/epochs, remain 2.544109 hour
test error rate (0.47999999999999998, 0.31000000000000005, 0.037575757575757596, 0.29242424242424248, 0.17939393939393944, 1.2017040972858362)
eidx:49 of epoch:100 the train error is (0.475004, 0.305563, 0.029496 0.277863, 0.172158) , cost is 2.875672
The code run for 49 epochs,took 8631.7s,  with 176.156917 sec/epochs, remain 2.495556 hour
test error rate (0.4751515151515151, 0.306969696969697, 0.037575757575757596, 0.29575757575757577, 0.17939393939393944, 1.2002280919250063)
eidx:50 of epoch:100 the train error is (0.474318, 0.305867, 0.029447 0.278165, 0.172138) , cost is 3.161877
The code run for 50 epochs,took 8808.4s,  with 176.168731 sec/epochs, remain 2.446788 hour
test error rate (0.47727272727272729, 0.31272727272727274, 0.037575757575757596, 0.29818181818181821, 0.17939393939393944, 1.2079399116202731)
eidx:51 of epoch:100 the train error is (0.474406, 0.305823, 0.029442 0.277527, 0.172129) , cost is 3.114972
The code run for 51 epochs,took 8984.6s,  with 176.167885 sec/epochs, remain 2.397841 hour
test error rate (0.48303030303030303, 0.30909090909090908, 0.037575757575757596, 0.29666666666666663, 0.17939393939393944, 1.2042444390511446)
eidx:52 of epoch:100 the train error is (0.474793, 0.305705, 0.029452 0.277771, 0.172163) , cost is 3.242847
The code run for 52 epochs,took 9160.5s,  with 176.163459 sec/epochs, remain 2.348846 hour
test error rate (0.47818181818181815, 0.31212121212121213, 0.037575757575757596, 0.29848484848484846, 0.17939393939393944, 1.2031022315783324)
eidx:53 of epoch:100 the train error is (0.474822, 0.305808, 0.029491 0.278160, 0.172182) , cost is 3.358136
The code run for 53 epochs,took 9338.6s,  with 176.200203 sec/epochs, remain 2.300392 hour
test error rate (0.47939393939393937, 0.31060606060606055, 0.037878787878787845, 0.29424242424242419, 0.17939393939393944, 1.1994751154780492)
eidx:54 of epoch:100 the train error is (0.474773, 0.305342, 0.029457 0.277941, 0.172153) , cost is 3.465940
The code run for 54 epochs,took 9514.7s,  with 176.198173 sec/epochs, remain 2.251421 hour
test error rate (0.4812121212121212, 0.31393939393939396, 0.037272727272727235, 0.29969696969696968, 0.17939393939393944, 1.2085757519833491)
eidx:55 of epoch:100 the train error is (0.474989, 0.305602, 0.029467 0.277965, 0.172133) , cost is 3.005678
The code run for 55 epochs,took 9689.8s,  with 176.178528 sec/epochs, remain 2.202232 hour
test error rate (0.47484848484848485, 0.30939393939393944, 0.037575757575757596, 0.29939393939393943, 0.17939393939393944, 1.2031481418169967)
eidx:56 of epoch:100 the train error is (0.474474, 0.305676, 0.029481 0.278111, 0.172172) , cost is 3.314337
The code run for 56 epochs,took 9864.6s,  with 176.152973 sec/epochs, remain 2.152981 hour
test error rate (0.47727272727272729, 0.30969696969696969, 0.037575757575757596, 0.29909090909090907, 0.17939393939393944, 1.2013667063038547)
eidx:57 of epoch:100 the train error is (0.474376, 0.305563, 0.029491 0.277985, 0.172167) , cost is 3.370375
The code run for 57 epochs,took 10040.3s,  with 176.145061 sec/epochs, remain 2.103955 hour
test error rate (0.47999999999999998, 0.30969696969696969, 0.037878787878787845, 0.29727272727272724, 0.17939393939393944, 1.2036469940441823)
eidx:58 of epoch:100 the train error is (0.474670, 0.305592, 0.029462 0.277605, 0.172163) , cost is 3.167578
The code run for 58 epochs,took 10214.6s,  with 176.113652 sec/epochs, remain 2.054659 hour
test error rate (0.47909090909090912, 0.31333333333333335, 0.037575757575757596, 0.29848484848484846, 0.17939393939393944, 1.1998536049246451)
eidx:59 of epoch:100 the train error is (0.475053, 0.305357, 0.029462 0.278043, 0.172104) , cost is 3.191246
The code run for 59 epochs,took 10389.2s,  with 176.088537 sec/epochs, remain 2.005453 hour
test error rate (0.4778787878787879, 0.31212121212121213, 0.037878787878787845, 0.2975757575757576, 0.17909090909090908, 1.203032768668544)
eidx:60 of epoch:100 the train error is (0.474940, 0.305210, 0.029457 0.277746, 0.172153) , cost is 3.220327
The code run for 60 epochs,took 10564.2s,  with 176.069983 sec/epochs, remain 1.956333 hour
test error rate (0.47939393939393937, 0.31151515151515152, 0.037575757575757596, 0.29424242424242419, 0.17939393939393944, 1.2025027850879955)
eidx:61 of epoch:100 the train error is (0.474764, 0.305739, 0.029428 0.277669, 0.172148) , cost is 3.626775
The code run for 61 epochs,took 10739.3s,  with 176.054624 sec/epochs, remain 1.907258 hour
test error rate (0.47424242424242424, 0.31000000000000005, 0.037575757575757596, 0.29666666666666663, 0.17939393939393944, 1.2036810960787012)
eidx:62 of epoch:100 the train error is (0.474842, 0.305622, 0.029486 0.277970, 0.172124) , cost is 3.425689
The code run for 62 epochs,took 10914.7s,  with 176.043673 sec/epochs, remain 1.858239 hour
test error rate (0.48060606060606059, 0.30818181818181822, 0.037575757575757596, 0.29848484848484846, 0.17939393939393944, 1.2015839163435453)
eidx:63 of epoch:100 the train error is (0.475170, 0.305396, 0.029413 0.278019, 0.172109) , cost is 3.460835
The code run for 63 epochs,took 11090.6s,  with 176.040583 sec/epochs, remain 1.809306 hour
test error rate (0.47606060606060607, 0.30909090909090908, 0.037878787878787845, 0.29545454545454541, 0.17939393939393944, 1.1986408306187242)
eidx:64 of epoch:100 the train error is (0.474665, 0.305470, 0.029403 0.278009, 0.172124) , cost is 3.345165
The code run for 64 epochs,took 11265.4s,  with 176.021548 sec/epochs, remain 1.760215 hour
test error rate (0.47727272727272729, 0.30848484848484847, 0.037575757575757596, 0.29696969696969699, 0.17939393939393944, 1.1985844694954448)
eidx:65 of epoch:100 the train error is (0.474813, 0.305514, 0.029540 0.278150, 0.172094) , cost is 3.246618
The code run for 65 epochs,took 11440.2s,  with 176.002943 sec/epochs, remain 1.711140 hour
test error rate (0.48090909090909095, 0.31151515151515152, 0.037878787878787845, 0.29727272727272724, 0.17939393939393944, 1.200866123825304)
eidx:66 of epoch:100 the train error is (0.474097, 0.305484, 0.029476 0.277810, 0.172148) , cost is 3.260531
The code run for 66 epochs,took 11615.3s,  with 175.989754 sec/epochs, remain 1.662125 hour
test error rate (0.47939393939393937, 0.30969696969696969, 0.037575757575757596, 0.29606060606060602, 0.17939393939393944, 1.2013986140810768)
eidx:67 of epoch:100 the train error is (0.474494, 0.305235, 0.029476 0.277785, 0.172119) , cost is 3.447423
The code run for 67 epochs,took 11789.5s,  with 175.962854 sec/epochs, remain 1.612993 hour
test error rate (0.47848484848484851, 0.31121212121212116, 0.037575757575757596, 0.29696969696969699, 0.17909090909090908, 1.2041984754230741)
eidx:68 of epoch:100 the train error is (0.474538, 0.305676, 0.029447 0.277873, 0.172094) , cost is 3.243027
The code run for 68 epochs,took 11964.9s,  with 175.955091 sec/epochs, remain 1.564045 hour
test error rate (0.47818181818181815, 0.31090909090909091, 0.037575757575757596, 0.29939393939393943, 0.17909090909090908, 1.2008277638264744)
eidx:69 of epoch:100 the train error is (0.474749, 0.305774, 0.029438 0.277669, 0.172094) , cost is 3.238837
The code run for 69 epochs,took 12139.5s,  with 175.934287 sec/epochs, remain 1.514990 hour
test error rate (0.47999999999999998, 0.3103030303030303, 0.037878787878787845, 0.2975757575757576, 0.17909090909090908, 1.2038492137139523)
eidx:70 of epoch:100 the train error is (0.474646, 0.305578, 0.029496 0.278257, 0.172109) , cost is 3.305229
The code run for 70 epochs,took 12314.9s,  with 175.927793 sec/epochs, remain 1.466065 hour
test error rate (0.47606060606060607, 0.31454545454545457, 0.037575757575757596, 0.2975757575757576, 0.17939393939393944, 1.2090319228145425)
eidx:71 of epoch:100 the train error is (0.474886, 0.305734, 0.029433 0.277844, 0.172104) , cost is 3.445281
The code run for 71 epochs,took 12489.6s,  with 175.910451 sec/epochs, remain 1.417056 hour
test error rate (0.47636363636363632, 0.31181818181818177, 0.037575757575757596, 0.29515151515151516, 0.17909090909090908, 1.2029495509862589)
test error rate (0.48090909090909095, 0.31000000000000005, 0.037575757575757596, 0.29606060606060602, 0.17939393939393944, 1.1996673480031665)
eidx:72 of epoch:100 the train error is (0.474656, 0.305896, 0.029486 0.278014, 0.172046) , cost is 3.163700
The code run for 72 epochs,took 12667.7s,  with 175.940329 sec/epochs, remain 1.368425 hour
test error rate (0.47696969696969693, 0.30787878787878786, 0.037575757575757596, 0.29666666666666663, 0.17909090909090908, 1.1993686221032218)
eidx:73 of epoch:100 the train error is (0.475102, 0.305940, 0.029457 0.277751, 0.172056) , cost is 3.075554
The code run for 73 epochs,took 12842.5s,  with 175.924340 sec/epochs, remain 1.319433 hour
test error rate (0.47818181818181815, 0.31181818181818177, 0.037878787878787845, 0.29727272727272724, 0.17939393939393944, 1.1990246920096759)
eidx:74 of epoch:100 the train error is (0.474416, 0.305705, 0.029447 0.278063, 0.172085) , cost is 3.434002
The code run for 74 epochs,took 13016.9s,  with 175.903422 sec/epochs, remain 1.270414 hour
test error rate (0.47878787878787876, 0.31151515151515152, 0.037575757575757596, 0.29787878787878785, 0.17909090909090908, 1.2021117348577937)
eidx:75 of epoch:100 the train error is (0.474969, 0.305455, 0.029442 0.278082, 0.172099) , cost is 3.490784
The code run for 75 epochs,took 13191.9s,  with 175.892289 sec/epochs, remain 1.221474 hour
test error rate (0.47909090909090912, 0.3103030303030303, 0.037575757575757596, 0.2975757575757576, 0.17909090909090908, 1.2019817833693043)
eidx:76 of epoch:100 the train error is (0.474381, 0.305323, 0.029472 0.278248, 0.172099) , cost is 3.267641
The code run for 76 epochs,took 13367.1s,  with 175.882752 sec/epochs, remain 1.172552 hour
test error rate (0.47909090909090912, 0.30727272727272725, 0.037575757575757596, 0.2975757575757576, 0.17939393939393944, 1.2004335506608532)
eidx:77 of epoch:100 the train error is (0.474866, 0.305538, 0.029447 0.277435, 0.172090) , cost is 3.106225
The code run for 77 epochs,took 13542.3s,  with 175.874023 sec/epochs, remain 1.123640 hour
test error rate (0.47545454545454546, 0.30909090909090908, 0.037575757575757596, 0.29969696969696968, 0.17939393939393944, 1.2062366437063443)
eidx:78 of epoch:100 the train error is (0.474572, 0.305573, 0.029467 0.277819, 0.172080) , cost is 3.348195
The code run for 78 epochs,took 13717.3s,  with 175.862754 sec/epochs, remain 1.074717 hour
test error rate (0.47878787878787876, 0.30969696969696969, 0.037575757575757596, 0.30121212121212126, 0.17939393939393944, 1.202660177117211)
eidx:79 of epoch:100 the train error is (0.474901, 0.305759, 0.029428 0.277868, 0.172119) , cost is 3.108770
The code run for 79 epochs,took 13892.3s,  with 175.852104 sec/epochs, remain 1.025804 hour
test error rate (0.47636363636363632, 0.30939393939393944, 0.037878787878787845, 0.29727272727272724, 0.17909090909090908, 1.2016372632806618)
eidx:80 of epoch:100 the train error is (0.474817, 0.305489, 0.029452 0.277863, 0.172065) , cost is 3.329719
The code run for 80 epochs,took 14068.6s,  with 175.857040 sec/epochs, remain 0.976984 hour
test error rate (0.47333333333333338, 0.31000000000000005, 0.037575757575757596, 0.29969696969696968, 0.17909090909090908, 1.2113282596263593)
eidx:81 of epoch:100 the train error is (0.474504, 0.305666, 0.029472 0.277654, 0.172085) , cost is 3.545307
The code run for 81 epochs,took 14244.0s,  with 175.852120 sec/epochs, remain 0.928108 hour
test error rate (0.48181818181818181, 0.31303030303030299, 0.037575757575757596, 0.2975757575757576, 0.17909090909090908, 1.201807640317458)
eidx:82 of epoch:100 the train error is (0.474474, 0.305578, 0.029481 0.278184, 0.172075) , cost is 3.642439
The code run for 82 epochs,took 14418.7s,  with 175.837682 sec/epochs, remain 0.879188 hour
test error rate (0.47848484848484851, 0.31090909090909091, 0.037878787878787845, 0.29606060606060602, 0.17939393939393944, 1.2032204582575625)
eidx:83 of epoch:100 the train error is (0.474504, 0.305661, 0.029476 0.277951, 0.172075) , cost is 3.552958
The code run for 83 epochs,took 14592.5s,  with 175.812671 sec/epochs, remain 0.830227 hour
test error rate (0.48030303030303034, 0.30878787878787883, 0.037575757575757596, 0.29848484848484846, 0.17909090909090908, 1.20311510178625)
eidx:84 of epoch:100 the train error is (0.474842, 0.305558, 0.029442 0.277790, 0.172065) , cost is 3.370093
The code run for 84 epochs,took 14766.9s,  with 175.796009 sec/epochs, remain 0.781316 hour
test error rate (0.47757575757575754, 0.30969696969696969, 0.037575757575757596, 0.29696969696969699, 0.17909090909090908, 1.2007332282666483)
eidx:85 of epoch:100 the train error is (0.474915, 0.305568, 0.029486 0.277625, 0.172090) , cost is 3.489343
The code run for 85 epochs,took 14941.8s,  with 175.785569 sec/epochs, remain 0.732440 hour
test error rate (0.47878787878787876, 0.31060606060606055, 0.037878787878787845, 0.29787878787878785, 0.17909090909090908, 1.2064567513389579)
eidx:86 of epoch:100 the train error is (0.474808, 0.305960, 0.029472 0.277678, 0.172056) , cost is 3.096414
The code run for 86 epochs,took 15117.2s,  with 175.781956 sec/epochs, remain 0.683596 hour
test error rate (0.48181818181818181, 0.31090909090909091, 0.037575757575757596, 0.29636363636363638, 0.17909090909090908, 1.2029699659441571)
eidx:87 of epoch:100 the train error is (0.474523, 0.305891, 0.029433 0.277951, 0.172060) , cost is 3.232091
The code run for 87 epochs,took 15292.4s,  with 175.774969 sec/epochs, remain 0.634743 hour
test error rate (0.47878787878787876, 0.30878787878787883, 0.037575757575757596, 0.29848484848484846, 0.17939393939393944, 1.2019056172716762)
eidx:88 of epoch:100 the train error is (0.474612, 0.305881, 0.029442 0.277454, 0.172080) , cost is 3.281962
The code run for 88 epochs,took 15467.2s,  with 175.764186 sec/epochs, remain 0.585881 hour
test error rate (0.47848484848484851, 0.31393939393939396, 0.037575757575757596, 0.29727272727272724, 0.17909090909090908, 1.2037633331706958)
eidx:89 of epoch:100 the train error is (0.474386, 0.305293, 0.029447 0.277936, 0.172085) , cost is 3.510358
The code run for 89 epochs,took 15641.7s,  with 175.749094 sec/epochs, remain 0.537011 hour
test error rate (0.47757575757575754, 0.31121212121212116, 0.037575757575757596, 0.29909090909090907, 0.17909090909090908, 1.2058146528133729)
eidx:90 of epoch:100 the train error is (0.474940, 0.305842, 0.029472 0.278165, 0.172060) , cost is 3.510129
The code run for 90 epochs,took 15816.3s,  with 175.736576 sec/epochs, remain 0.488157 hour
test error rate (0.48060606060606059, 0.31090909090909091, 0.037878787878787845, 0.29969696969696968, 0.17909090909090908, 1.2041191139963712)
eidx:91 of epoch:100 the train error is (0.474793, 0.305656, 0.029462 0.277931, 0.172056) , cost is 3.416432
The code run for 91 epochs,took 15990.4s,  with 175.718992 sec/epochs, remain 0.439297 hour
test error rate (0.47939393939393937, 0.31121212121212116, 0.037575757575757596, 0.29939393939393943, 0.17909090909090908, 1.1996395443691943)
eidx:92 of epoch:100 the train error is (0.474435, 0.305543, 0.029476 0.278160, 0.172085) , cost is 3.302482
The code run for 92 epochs,took 16165.3s,  with 175.709819 sec/epochs, remain 0.390466 hour
test error rate (0.47757575757575754, 0.31272727272727274, 0.037878787878787845, 0.29818181818181821, 0.17909090909090908, 1.2034769531098486)
eidx:93 of epoch:100 the train error is (0.474465, 0.305455, 0.029467 0.277863, 0.172070) , cost is 3.937452
The code run for 93 epochs,took 16339.9s,  with 175.698206 sec/epochs, remain 0.341635 hour
test error rate (0.47696969696969693, 0.31181818181818177, 0.037575757575757596, 0.29393939393939394, 0.17909090909090908, 1.1996634552831809)
eidx:94 of epoch:100 the train error is (0.474979, 0.305568, 0.029457 0.277484, 0.172056) , cost is 3.320324
The code run for 94 epochs,took 16514.8s,  with 175.689697 sec/epochs, remain 0.292816 hour
test error rate (0.47878787878787876, 0.30757575757575761, 0.037575757575757596, 0.29636363636363638, 0.17909090909090908, 1.200989883473607)
eidx:95 of epoch:100 the train error is (0.474759, 0.305406, 0.029491 0.277824, 0.172075) , cost is 3.712568
The code run for 95 epochs,took 16689.5s,  with 175.678720 sec/epochs, remain 0.243998 hour
test error rate (0.4778787878787879, 0.31151515151515152, 0.037878787878787845, 0.29575757575757577, 0.17909090909090908, 1.2029260886350202)
eidx:96 of epoch:100 the train error is (0.475116, 0.305607, 0.029535 0.278053, 0.172060) , cost is 3.275344
The code run for 96 epochs,took 16865.7s,  with 175.684409 sec/epochs, remain 0.195205 hour
test error rate (0.47727272727272729, 0.31060606060606055, 0.037575757575757596, 0.29515151515151516, 0.17909090909090908, 1.2003500908506204)
eidx:97 of epoch:100 the train error is (0.475048, 0.305382, 0.029457 0.277956, 0.172060) , cost is 3.147284
The code run for 97 epochs,took 17040.5s,  with 175.674912 sec/epochs, remain 0.146396 hour
test error rate (0.47696969696969693, 0.31090909090909091, 0.037575757575757596, 0.29848484848484846, 0.17969696969696969, 1.2030709209471495)
eidx:98 of epoch:100 the train error is (0.474612, 0.305249, 0.029496 0.277488, 0.172075) , cost is 3.633647
The code run for 98 epochs,took 17216.0s,  with 175.673148 sec/epochs, remain 0.097596 hour
test error rate (0.48090909090909095, 0.31151515151515152, 0.037575757575757596, 0.29636363636363638, 0.17909090909090908, 1.2042223836924766)
eidx:99 of epoch:100 the train error is (0.474911, 0.305671, 0.029462 0.277936, 0.172075) , cost is 3.391387
The code run for 99 epochs,took 17391.1s,  with 175.668135 sec/epochs, remain 0.048797 hour
test error rate (0.47848484848484851, 0.31121212121212116, 0.037575757575757596, 0.2948484848484848, 0.17909090909090908, 1.2031288477807764)
eidx:100 of epoch:100 the train error is (0.474117, 0.305788, 0.029481 0.278399, 0.172041) , cost is 3.685921
The code run for 100 epochs,took 17566.2s,  with 175.661942 sec/epochs, remain 0.000000 hour
unzip param_file
lstm_U
10 40
lstm_W
18 40
lstm_b
40
W1
10 7
b1
7
W2
10 6
b2
6
W3
25 1
b3
1
W4
25 1
b4
1
W5
25 1
b5
1
Train error rate (0.47408095928676408, 0.30514487604994989, 0.029739252309159747, 0.27914310463973213, 0.17262976553147169, 1.137804443230702)
Test error rate (0.47757575757575754, 0.31060606060606055, 0.037878787878787845, 0.29727272727272724, 0.17939393939393944, 1.2019095199403453)
The code run for 100 epochs,took 18548.3s,  with 185.482709 sec/epochs
